5/24/2019 14:26:03 PM - Save Script: Version 13.2.0.1.203 User vnallani
5/24/2019 14:26:22 PM - Save Script: Version 13.2.0.1.203 User vnallani
5/24/2019 14:30:40 PM - Save Script: Version 13.2.0.1.203 User vnallani
5/24/2019 14:31:00 PM - Save Script: Version 13.2.0.1.203 User vnallani
5/24/2019 14:33:27 PM - Save Script: Version 13.2.0.1.203 User vnallani
5/28/2019 11:20:24 AM - Save Script: Version 13.2.0.1.203 User vnallani
5/28/2019 11:21:24 AM - Launch Browser: IE version 9.11.9600.19301
5/28/2019 11:27:57 AM - Save Script: Version 13.2.0.1.203 User vnallani
5/28/2019 11:28:07 AM - Save Script: Version 13.2.0.1.203 User vnallani
5/28/2019 11:28:22 AM - Save Script: Version 13.2.0.1.203 User vnallani
5/28/2019 11:29:03 AM - Save Script: Version 13.2.0.1.203 User vnallani
5/28/2019 11:29:59 AM - Save Script: Version 13.2.0.1.203 User vnallani
5/28/2019 11:30:24 AM - Save Script: Version 13.2.0.1.203 User vnallani
5/28/2019 11:30:59 AM - Save Script: Version 13.2.0.1.203 User vnallani
5/28/2019 11:31:39 AM - Save Script: Version 13.2.0.1.203 User vnallani
5/28/2019 11:32:09 AM - Save Script: Version 13.2.0.1.203 User vnallani
5/28/2019 11:34:52 AM - Save Script: Version 13.2.0.1.203 User vnallani
5/28/2019 11:35:10 AM - Save Script: Version 13.2.0.1.203 User vnallani
5/28/2019 11:41:58 AM - Save Script: Version 13.2.0.1.203 User vnallani
5/28/2019 11:42:57 AM - Save Script: Version 13.2.0.1.203 User vnallani
5/28/2019 11:51:41 AM - Save Script: Version 13.2.0.1.203 User vnallani
5/28/2019 11:51:59 AM - Save Script: Version 13.2.0.1.203 User vnallani
5/28/2019 12:04:43 PM - Save Script: Version 13.2.0.1.203 User vnallani
5/28/2019 12:04:52 PM - Save Script: Version 13.2.0.1.203 User vnallani
5/28/2019 12:05:17 PM - Save Script: Version 13.2.0.1.203 User vnallani
5/28/2019 12:05:54 PM - Save Script: Version 13.2.0.1.203 User vnallani
5/28/2019 12:06:01 PM - Save Script: Version 13.2.0.1.203 User vnallani
5/28/2019 12:06:09 PM - Save Script: Version 13.2.0.1.203 User vnallani
5/28/2019 12:06:23 PM - Save Script: Version 13.2.0.1.203 User vnallani
5/28/2019 12:06:32 PM - Save Script: Version 13.2.0.1.203 User vnallani
5/28/2019 12:06:48 PM - Save Script: Version 13.2.0.1.203 User vnallani
5/28/2019 12:07:06 PM - Save Script: Version 13.2.0.1.203 User vnallani
5/28/2019 12:07:13 PM - Save Script: Version 13.2.0.1.203 User vnallani
5/28/2019 12:07:45 PM - Upgrade Script Results: Successfully upgraded script results.
5/28/2019 12:08:43 PM - Save Script: Version 13.2.0.1.203 User vnallani
5/28/2019 12:09:09 PM - Save Script: Version 13.2.0.1.203 User vnallani
5/28/2019 12:14:39 PM - Save Script: Version 13.2.0.1.203 User vnallani
5/28/2019 12:15:11 PM - Save Script: Version 13.2.0.1.203 User vnallani
5/28/2019 12:15:28 PM - Save Script: Version 13.2.0.1.203 User vnallani
5/28/2019 12:15:55 PM - Save Script: Version 13.2.0.1.203 User vnallani
5/28/2019 12:16:21 PM - Save Script: Version 13.2.0.1.203 User vnallani
5/28/2019 12:20:04 PM - Save Script: Version 13.2.0.1.203 User vnallani
5/28/2019 12:20:12 PM - Save Script: Version 13.2.0.1.203 User vnallani
5/28/2019 12:20:23 PM - Save Script: Version 13.2.0.1.203 User vnallani
5/28/2019 12:23:18 PM - Save Script: Version 13.2.0.1.203 User vnallani
5/28/2019 12:23:27 PM - Save Script: Version 13.2.0.1.203 User vnallani
5/28/2019 12:27:57 PM - Launch Browser: IE version 9.11.9600.19301
5/28/2019 13:32:10 PM - Upgrade Script Results: Successfully upgraded script results.
5/28/2019 13:36:17 PM - Launch Browser: IE version 9.11.9600.19301
5/28/2019 13:37:38 PM - Save Script: Version 13.2.0.1.203 User vnallani
5/28/2019 13:37:50 PM - Save Script: Version 13.2.0.1.203 User vnallani
5/28/2019 13:37:56 PM - Save Script: Version 13.2.0.1.203 User vnallani
5/28/2019 13:43:24 PM - Save Script: Version 13.2.0.1.203 User vnallani
5/28/2019 13:43:30 PM - Save Script: Version 13.2.0.1.203 User vnallani
5/28/2019 13:44:08 PM - Save Script: Version 13.2.0.1.203 User vnallani
5/28/2019 13:46:29 PM - Save Script: Version 13.2.0.1.203 User vnallani
5/28/2019 13:49:56 PM - Launch Browser: IE version 9.11.9600.19301
5/28/2019 13:52:34 PM - Save Script: Version 13.2.0.1.203 User vnallani
5/28/2019 13:53:56 PM - Save Script: Version 13.2.0.1.203 User vnallani
5/28/2019 13:56:27 PM - Save Script: Version 13.2.0.1.203 User vnallani
5/28/2019 13:58:55 PM - Launch Browser: IE version 9.11.9600.19301
5/28/2019 13:59:37 PM - Save Script: Version 13.2.0.1.203 User vnallani
5/28/2019 13:59:44 PM - Launch Browser: IE version 9.11.9600.19301
5/28/2019 14:01:16 PM - Upgrade Script Results: Successfully upgraded script results.
5/28/2019 14:05:53 PM - Save Script: Version 13.2.0.1.203 User vnallani
5/28/2019 14:06:27 PM - Save Script: Version 13.2.0.1.203 User vnallani
5/28/2019 14:12:43 PM - Save Script: Version 13.2.0.1.203 User vnallani
5/28/2019 14:15:09 PM - Save Script: Version 13.2.0.1.203 User vnallani
5/28/2019 14:15:16 PM - Launch Browser: IE version 9.11.9600.19301
5/28/2019 14:20:48 PM - Launch Browser: IE version 9.11.9600.19301
5/28/2019 14:22:51 PM - Save Script: Version 13.2.0.1.203 User vnallani
5/28/2019 14:26:58 PM - Save Script: Version 13.2.0.1.203 User vnallani
5/28/2019 14:27:28 PM - Save Script: Version 13.2.0.1.203 User vnallani
5/28/2019 14:31:06 PM - Launch Browser: IE version 9.11.9600.19301
5/28/2019 14:35:08 PM - Save Script: Version 13.2.0.1.203 User vnallani
5/28/2019 14:36:36 PM - Save Script: Version 13.2.0.1.203 User vnallani
5/28/2019 14:49:04 PM - Upgrade Script Results: Successfully upgraded script results.
5/28/2019 15:11:56 PM - Save Script: Version 13.2.0.1.203 User vnallani
5/28/2019 15:19:09 PM - Upgrade Script Results: Successfully upgraded script results.
5/28/2019 16:43:04 PM - Save Script: Version 13.2.0.1.203 User vnallani
5/28/2019 16:43:31 PM - Save Script: Version 13.2.0.1.203 User vnallani
5/28/2019 16:44:12 PM - Save Script: Version 13.2.0.1.203 User vnallani
5/28/2019 16:44:23 PM - Save Script: Version 13.2.0.1.203 User vnallani
5/28/2019 16:49:12 PM - Launch Browser: IE version 9.11.9600.19301
5/28/2019 16:51:15 PM - Save Script: Version 13.2.0.1.203 User vnallani
5/29/2019 13:58:19 PM - Save Script: Version 13.2.0.1.203 User vnallani
5/29/2019 13:58:33 PM - Launch Browser: IE version 9.11.9600.19301
5/29/2019 14:02:04 PM - Save Script: Version 13.2.0.1.203 User vnallani
5/29/2019 14:04:12 PM - Save Script: Version 13.2.0.1.203 User vnallani
5/29/2019 14:07:18 PM - Save Script: Version 13.2.0.1.203 User vnallani
5/29/2019 14:17:36 PM - Save Script: Version 13.2.0.1.203 User vnallani
5/30/2019 00:05:03 AM - Save Script: Version 13.2.0.1.203 User vnallani
5/30/2019 00:05:12 AM - Save Script: Version 13.2.0.1.203 User vnallani
5/30/2019 00:05:33 AM - Save Script: Version 13.2.0.1.203 User vnallani
5/30/2019 00:08:24 AM - Launch Browser: IE version 9.11.9600.19301
6/02/2019 11:26:55 AM - Save Script: Version 13.2.0.1.203 User vnallani
6/03/2019 02:52:15 AM - Save Script: Version 13.2.0.1.203 User vnallani