5/28/2019 14:24:45 PM - Save Script: Version 13.2.0.1.203 User vnallani
5/28/2019 14:26:52 PM - Save Script: Version 13.2.0.1.203 User vnallani
5/28/2019 14:27:37 PM - Save Script: Version 13.2.0.1.203 User vnallani
5/28/2019 14:28:19 PM - Save Script: Version 13.2.0.1.203 User vnallani
5/28/2019 14:29:32 PM - Save Script: Version 13.2.0.1.203 User vnallani
5/28/2019 14:30:21 PM - Save Script: Version 13.2.0.1.203 User vnallani
5/28/2019 14:43:37 PM - Save Script: Version 13.2.0.1.203 User vnallani
5/28/2019 14:47:09 PM - Save Script: Version 13.2.0.1.203 User vnallani
5/28/2019 14:47:25 PM - Launch Browser: IE version 9.11.9600.19301
5/28/2019 15:11:19 PM - Save Script: Version 13.2.0.1.203 User vnallani
5/28/2019 15:11:22 PM - Save Script: Version 13.2.0.1.203 User vnallani
5/28/2019 15:17:42 PM - Launch Browser: IE version 9.11.9600.19301
5/28/2019 15:19:36 PM - Launch Browser: IE version 9.11.9600.19301
5/28/2019 15:32:22 PM - Launch Browser: IE version 9.11.9600.19301
5/28/2019 15:32:57 PM - Save Script: Version 13.2.0.1.203 User vnallani
5/28/2019 15:33:53 PM - Launch Browser: IE version 9.11.9600.19301
5/28/2019 15:36:33 PM - Save Script: Version 13.2.0.1.203 User vnallani
5/28/2019 15:38:12 PM - Save Script: Version 13.2.0.1.203 User vnallani
5/28/2019 15:38:24 PM - Save Script: Version 13.2.0.1.203 User vnallani
5/28/2019 15:38:35 PM - Launch Browser: IE version 9.11.9600.19301
5/28/2019 15:55:53 PM - Save Script: Version 13.2.0.1.203 User vnallani
5/28/2019 15:57:01 PM - Save Script: Version 13.2.0.1.203 User vnallani
5/28/2019 15:59:33 PM - Save Script: Version 13.2.0.1.203 User vnallani
5/28/2019 16:00:50 PM - Save Script: Version 13.2.0.1.203 User vnallani
5/28/2019 16:02:41 PM - Save Script: Version 13.2.0.1.203 User vnallani
5/28/2019 16:03:13 PM - Save Script: Version 13.2.0.1.203 User vnallani
5/28/2019 16:08:14 PM - Save Script: Version 13.2.0.1.203 User vnallani
5/28/2019 16:13:15 PM - Save Script: Version 13.2.0.1.203 User vnallani
5/28/2019 16:13:24 PM - Save Script: Version 13.2.0.1.203 User vnallani
5/28/2019 16:20:20 PM - Save Script: Version 13.2.0.1.203 User vnallani
5/28/2019 16:28:34 PM - Save Script: Version 13.2.0.1.203 User vnallani
5/28/2019 16:31:58 PM - Save Script: Version 13.2.0.1.203 User vnallani
5/28/2019 16:57:01 PM - Save Script: Version 13.2.0.1.203 User vnallani
5/28/2019 16:57:06 PM - Launch Browser: IE version 9.11.9600.19301
5/28/2019 17:01:55 PM - Save Script: Version 13.2.0.1.203 User vnallani
5/29/2019 10:55:48 AM - Launch Browser: IE version 9.11.9600.19301
5/29/2019 10:57:59 AM - Launch Browser: IE version 9.11.9600.19301
5/29/2019 10:58:30 AM - Launch Browser: IE version 9.11.9600.19301
5/29/2019 10:59:30 AM - Launch Browser: IE version 9.11.9600.19301
5/29/2019 11:18:27 AM - Launch Browser: IE version 9.11.9600.19301
5/29/2019 11:53:55 AM - Save Script: Version 13.2.0.1.203 User vnallani
5/29/2019 11:57:36 AM - Save Script: Version 13.2.0.1.203 User vnallani
5/29/2019 12:00:02 PM - Save Script: Version 13.2.0.1.203 User vnallani
5/29/2019 12:00:18 PM - Launch Browser: IE version 9.11.9600.19301
5/29/2019 12:06:19 PM - Save Script: Version 13.2.0.1.203 User vnallani
5/29/2019 12:16:12 PM - Save Script: Version 13.2.0.1.203 User vnallani
5/29/2019 12:20:30 PM - Save Script: Version 13.2.0.1.203 User vnallani
5/29/2019 12:22:52 PM - Save Script: Version 13.2.0.1.203 User vnallani
5/29/2019 12:24:49 PM - Save Script: Version 13.2.0.1.203 User vnallani
5/29/2019 12:27:07 PM - Save Script: Version 13.2.0.1.203 User vnallani
5/29/2019 12:27:12 PM - Launch Browser: IE version 9.11.9600.19301
5/29/2019 12:27:46 PM - Save Script: Version 13.2.0.1.203 User vnallani
5/29/2019 12:27:58 PM - Save Script: Version 13.2.0.1.203 User vnallani
5/29/2019 12:28:34 PM - Save Script: Version 13.2.0.1.203 User vnallani
5/29/2019 12:29:22 PM - Save Script: Version 13.2.0.1.203 User vnallani
5/29/2019 12:30:32 PM - Save Script: Version 13.2.0.1.203 User vnallani
5/29/2019 12:30:58 PM - Save Script: Version 13.2.0.1.203 User vnallani
5/29/2019 12:45:01 PM - Save Script: Version 13.2.0.1.203 User vnallani
5/29/2019 12:45:07 PM - Save Script: Version 13.2.0.1.203 User vnallani
5/29/2019 12:45:11 PM - Launch Browser: IE version 9.11.9600.19301
5/29/2019 12:46:15 PM - Save Script: Version 13.2.0.1.203 User vnallani
5/29/2019 12:48:50 PM - Save Script: Version 13.2.0.1.203 User vnallani
5/29/2019 13:02:39 PM - Save Script: Version 13.2.0.1.203 User vnallani
5/29/2019 13:15:33 PM - Save Script: Version 13.2.0.1.203 User vnallani
5/29/2019 13:15:35 PM - Save Script: Version 13.2.0.1.203 User vnallani
5/29/2019 13:20:58 PM - Save Script: Version 13.2.0.1.203 User vnallani
5/29/2019 13:21:06 PM - Save Script: Version 13.2.0.1.203 User vnallani
5/29/2019 13:21:11 PM - Save Script: Version 13.2.0.1.203 User vnallani
5/29/2019 13:25:38 PM - Save Script: Version 13.2.0.1.203 User vnallani
5/30/2019 00:13:02 AM - Save Script: Version 13.2.0.1.203 User vnallani
6/02/2019 11:27:50 AM - Save Script: Version 13.2.0.1.203 User vnallani
6/02/2019 11:28:43 AM - Save Script: Version 13.2.0.1.203 User vnallani